
Compiling src/visualizer.c...
In file included from src/visualizer.c:9:
lib/raygui.h: In function ‘GuiColorBarAlpha’:
lib/raygui.h:3687:52: warning: unused parameter ‘text’ [-Wunused-parameter]
 3687 | int GuiColorBarAlpha(Rectangle bounds, const char *text, float *alpha)
      |                                        ~~~~~~~~~~~~^~~~
lib/raygui.h: In function ‘GuiColorBarHue’:
lib/raygui.h:3779:50: warning: unused parameter ‘text’ [-Wunused-parameter]
 3779 | int GuiColorBarHue(Rectangle bounds, const char *text, float *hue)
      |                                      ~~~~~~~~~~~~^~~~
lib/raygui.h: In function ‘GuiColorPicker’:
lib/raygui.h:3870:50: warning: unused parameter ‘text’ [-Wunused-parameter]
 3870 | int GuiColorPicker(Rectangle bounds, const char *text, Color *color)
      |                                      ~~~~~~~~~~~~^~~~
lib/raygui.h: In function ‘GuiColorPickerHSV’:
lib/raygui.h:3902:53: warning: unused parameter ‘text’ [-Wunused-parameter]
 3902 | int GuiColorPickerHSV(Rectangle bounds, const char *text, Vector3 *colorHsv)
      |                                         ~~~~~~~~~~~~^~~~
lib/raygui.h: In function ‘GuiColorPanelHSV’:
lib/raygui.h:3925:52: warning: unused parameter ‘text’ [-Wunused-parameter]
 3925 | int GuiColorPanelHSV(Rectangle bounds, const char *text, Vector3 *colorHsv)
      |                                        ~~~~~~~~~~~~^~~~
lib/raygui.h: In function ‘GuiGrid’:
lib/raygui.h:4171:43: warning: unused parameter ‘text’ [-Wunused-parameter]
 4171 | int GuiGrid(Rectangle bounds, const char *text, float spacing, int subdivs, Vector2 *mouseCell)
      |                               ~~~~~~~~~~~~^~~~
lib/raygui.h: In function ‘GuiLoadIconsFromMemory’:
lib/raygui.h:4577:66: warning: unused parameter ‘dataSize’ [-Wunused-parameter]
 4577 | char **GuiLoadIconsFromMemory(const unsigned char *fileData, int dataSize, bool loadIconsName)
      |                                                              ~~~~^~~~~~~~
lib/raygui.h: In function ‘GuiLoadStyleFromMemory’:
lib/raygui.h:4660:71: warning: unused parameter ‘dataSize’ [-Wunused-parameter]
 4660 | static void GuiLoadStyleFromMemory(const unsigned char *fileData, int dataSize)
      |                                                                   ~~~~^~~~~~~~
src/visualizer.c: In function ‘init_capture_device_from_index’:
src/visualizer.c:102:15: warning: unused variable ‘result’ [-Wunused-variable]
  102 |     ma_result result;
      |               ^~~~~~
src/visualizer.c: In function ‘uninit_ring_buffer’:
src/visualizer.c:99:1: warning: control reaches end of non-void function [-Wreturn-type]
   99 | }
      | ^
src/visualizer.c: At top level:
src/visualizer.c:26:12: warning: ‘sampleRate’ defined but not used [-Wunused-variable]
   26 | static int sampleRate;
      |            ^~~~~~~~~~
src/visualizer.c:25:12: warning: ‘captureChannels’ defined but not used [-Wunused-variable]
   25 | static int captureChannels;
      |            ^~~~~~~~~~~~~~~
Compiling lib/miniaudio.c...
Compiling main.c...
main.c: In function ‘main’:
main.c:5:14: warning: unused parameter ‘argc’ [-Wunused-parameter]
    5 | int main(int argc, char** argv)
      |          ~~~~^~~~
main.c:5:27: warning: unused parameter ‘argv’ [-Wunused-parameter]
    5 | int main(int argc, char** argv)
      |                    ~~~~~~~^~~~
Linking build_windows/audio_visualizer.exe...
